TN:
SF:src/KeyDown.tsx
FN:12,(anonymous_1)
FN:16,(anonymous_2)
FNF:2
FNH:1
FNDA:4,(anonymous_1)
FNDA:0,(anonymous_2)
DA:1,2
DA:12,4
DA:13,4
DA:17,0
DA:19,0
DA:20,0
DA:23,0
DA:24,0
DA:27,0
DA:28,0
DA:31,0
DA:32,0
DA:36,0
DA:37,0
DA:47,2
LF:15
LH:4
BRDA:18,0,0,0
BRDA:18,0,1,0
BRDA:18,0,2,0
BRDA:18,0,3,0
BRDA:18,0,4,0
BRF:5
BRH:0
end_of_record
TN:
SF:src/TreeMenu/index.tsx
FN:42,(anonymous_11)
FN:44,(anonymous_12)
FN:70,(anonymous_14)
FN:77,(anonymous_15)
FN:80,(anonymous_16)
FN:86,(anonymous_17)
FN:90,(anonymous_18)
FN:96,(anonymous_19)
FN:107,(anonymous_20)
FN:110,(anonymous_21)
FN:116,(anonymous_22)
FN:121,(anonymous_23)
FN:125,(anonymous_24)
FN:126,(anonymous_25)
FN:135,(anonymous_26)
FN:136,(anonymous_27)
FN:140,(anonymous_28)
FN:141,(anonymous_29)
FN:145,(anonymous_30)
FN:148,(anonymous_31)
FN:149,(anonymous_32)
FN:156,(anonymous_33)
FN:159,(anonymous_34)
FN:161,(anonymous_35)
FN:162,(anonymous_36)
FN:63,(anonymous_37)
FN:168,(anonymous_38)
FNF:27
FNH:8
FNDA:0,(anonymous_11)
FNDA:5,(anonymous_12)
FNDA:0,(anonymous_14)
FNDA:0,(anonymous_15)
FNDA:0,(anonymous_16)
FNDA:0,(anonymous_17)
FNDA:0,(anonymous_18)
FNDA:5,(anonymous_19)
FNDA:14,(anonymous_20)
FNDA:1,(anonymous_21)
FNDA:0,(anonymous_22)
FNDA:5,(anonymous_23)
FNDA:13,(anonymous_24)
FNDA:0,(anonymous_25)
FNDA:0,(anonymous_26)
FNDA:0,(anonymous_27)
FNDA:0,(anonymous_28)
FNDA:0,(anonymous_29)
FNDA:0,(anonymous_30)
FNDA:0,(anonymous_31)
FNDA:0,(anonymous_32)
FNDA:0,(anonymous_33)
FNDA:0,(anonymous_34)
FNDA:0,(anonymous_35)
FNDA:0,(anonymous_36)
FNDA:1,(anonymous_37)
FNDA:5,(anonymous_38)
DA:1,1
DA:2,1
DA:4,1
DA:13,1
DA:14,1
DA:42,1
DA:44,4
DA:45,1
DA:56,4
DA:63,1
DA:64,1
DA:65,1
DA:66,0
DA:70,4
DA:71,0
DA:73,0
DA:74,0
DA:77,4
DA:78,0
DA:79,0
DA:80,0
DA:83,0
DA:86,4
DA:87,0
DA:88,0
DA:89,0
DA:90,0
DA:92,0
DA:96,4
DA:97,5
DA:98,5
DA:99,5
DA:100,5
DA:101,5
DA:102,5
DA:103,5
DA:107,5
DA:108,14
DA:109,14
DA:110,14
DA:111,1
DA:112,1
DA:113,1
DA:116,14
DA:117,14
DA:121,4
DA:122,5
DA:123,5
DA:125,13
DA:126,5
DA:127,0
DA:129,0
DA:134,5
DA:136,0
DA:141,0
DA:146,0
DA:147,0
DA:148,0
DA:149,0
DA:150,0
DA:157,0
DA:158,0
DA:159,0
DA:162,0
DA:163,0
DA:168,1
DA:169,5
DA:170,5
DA:172,5
DA:173,5
DA:174,5
DA:175,5
DA:177,5
DA:186,5
DA:192,1
DA:194,1
LF:76
LH:49
BRDA:44,0,0,4
BRDA:44,0,1,4
BRDA:44,0,2,4
BRDA:57,1,0,4
BRDA:57,1,1,4
BRDA:59,2,0,4
BRDA:59,2,1,4
BRDA:60,3,0,4
BRDA:60,3,1,4
BRDA:73,4,0,0
BRDA:73,4,1,0
BRDA:73,4,2,0
BRDA:73,4,3,0
BRDA:74,5,0,0
BRDA:74,5,1,0
BRDA:74,6,0,0
BRDA:74,6,1,0
BRDA:74,6,2,0
BRDA:87,7,0,0
BRDA:87,7,1,0
BRDA:90,8,0,0
BRDA:90,8,1,0
BRDA:99,9,0,5
BRDA:99,9,1,3
BRDA:100,10,0,5
BRDA:100,10,1,4
BRDA:101,11,0,5
BRDA:101,11,1,5
BRDA:102,12,0,5
BRDA:102,12,1,0
BRDA:104,13,0,5
BRDA:104,13,1,0
BRDA:111,14,0,1
BRDA:111,14,1,1
BRDA:113,15,0,1
BRDA:113,15,1,1
BRDA:116,16,0,9
BRDA:116,16,1,5
BRDA:125,17,0,13
BRDA:125,17,1,12
BRDA:130,18,0,0
BRDA:130,18,1,0
BRDA:137,19,0,0
BRDA:137,19,1,0
BRDA:142,20,0,0
BRDA:142,20,1,0
BRDA:147,21,0,0
BRDA:147,21,1,0
BRDA:151,22,0,0
BRDA:151,22,1,0
BRDA:158,23,0,0
BRDA:158,23,1,0
BRDA:163,24,0,0
BRDA:163,24,1,0
BRDA:65,25,0,0
BRDA:65,25,1,1
BRDA:65,26,0,1
BRDA:65,26,1,0
BRDA:65,26,2,0
BRDA:175,27,0,5
BRDA:175,27,1,0
BRDA:178,28,0,5
BRDA:178,28,1,0
BRDA:187,29,0,0
BRDA:187,29,1,5
BRF:65
BRH:30
end_of_record
TN:
SF:src/TreeMenu/renderProps.tsx
FN:9,(anonymous_4)
FN:36,(anonymous_5)
FN:69,(anonymous_6)
FN:81,(anonymous_7)
FN:82,(anonymous_8)
FN:98,(anonymous_9)
FNF:6
FNH:4
FNDA:9,(anonymous_4)
FNDA:15,(anonymous_5)
FNDA:0,(anonymous_6)
FNDA:8,(anonymous_7)
FNDA:0,(anonymous_8)
FNDA:19,(anonymous_9)
DA:1,2
DA:2,2
DA:6,2
DA:7,2
DA:8,2
DA:9,2
DA:10,9
DA:11,9
DA:12,9
DA:17,9
DA:36,2
DA:37,15
DA:38,15
DA:39,15
DA:40,15
DA:41,15
DA:42,15
DA:43,15
DA:44,15
DA:45,15
DA:46,15
DA:47,15
DA:48,15
DA:70,0
DA:71,0
DA:81,8
DA:82,8
DA:83,0
DA:84,0
DA:86,8
DA:98,19
LF:31
LH:27
BRDA:19,0,0,5
BRDA:19,0,1,4
BRDA:37,1,0,0
BRDA:37,1,1,15
BRDA:38,2,0,0
BRDA:38,2,1,15
BRDA:39,3,0,0
BRDA:39,3,1,15
BRDA:44,4,0,15
BRDA:44,4,1,0
BRDA:45,5,0,15
BRDA:45,5,1,0
BRDA:46,6,0,0
BRDA:46,6,1,15
BRDA:47,7,0,15
BRDA:47,7,1,0
BRDA:58,8,0,9
BRDA:58,8,1,6
BRDA:66,9,0,15
BRDA:66,9,1,9
BRDA:70,10,0,0
BRDA:70,10,1,0
BRDA:70,10,2,0
BRDA:84,11,0,0
BRDA:84,11,1,0
BRDA:88,12,0,8
BRDA:88,12,1,8
BRF:27
BRH:15
end_of_record
TN:
SF:src/TreeMenu/walk.tsx
FN:68,(anonymous_5)
FN:69,(anonymous_6)
FN:72,(anonymous_7)
FN:76,(anonymous_8)
FN:77,(anonymous_9)
FN:83,(anonymous_10)
FN:85,(anonymous_11)
FN:86,(anonymous_12)
FN:97,(anonymous_13)
FN:98,(anonymous_14)
FN:102,(anonymous_15)
FN:104,(anonymous_16)
FN:119,(anonymous_17)
FNF:13
FNH:13
FNDA:88,(anonymous_5)
FNDA:58,(anonymous_6)
FNDA:24,(anonymous_7)
FNDA:10,(anonymous_8)
FNDA:14,(anonymous_9)
FNDA:14,(anonymous_10)
FNDA:6,(anonymous_11)
FNDA:20,(anonymous_12)
FNDA:20,(anonymous_13)
FNDA:40,(anonymous_14)
FNDA:34,(anonymous_15)
FNDA:34,(anonymous_16)
FNDA:68,(anonymous_17)
DA:1,2
DA:2,2
DA:68,88
DA:69,2
DA:70,58
DA:72,24
DA:73,24
DA:75,24
DA:76,24
DA:77,10
DA:78,14
DA:79,14
DA:80,14
DA:83,24
DA:84,14
DA:85,6
DA:86,20
DA:87,20
DA:88,20
DA:89,20
DA:92,24
DA:97,20
DA:98,40
DA:99,20
DA:102,34
DA:104,2
DA:105,34
DA:106,34
DA:107,34
DA:108,34
DA:109,34
DA:111,136
DA:115,34
DA:117,34
DA:118,102
DA:119,68
DA:120,34
DA:121,34
DA:123,34
DA:124,34
DA:125,34
DA:127,34
DA:128,34
DA:132,34
DA:135,2
DA:136,2
LF:46
LH:46
BRDA:68,0,0,88
BRDA:68,0,1,72
BRDA:70,1,0,44
BRDA:70,1,1,14
BRDA:93,2,0,10
BRDA:93,2,1,14
BRDA:107,3,0,20
BRDA:107,3,1,14
BRDA:108,4,0,20
BRDA:108,4,1,14
BRDA:115,5,0,0
BRDA:115,5,1,34
BRDA:120,6,0,34
BRDA:120,6,1,30
BRDA:121,7,0,34
BRDA:121,7,1,24
BRDA:121,7,2,22
BRDA:124,8,0,34
BRDA:124,8,1,20
BRDA:129,9,0,14
BRDA:129,9,1,20
BRDA:132,10,0,22
BRDA:132,10,1,12
BRF:23
BRH:22
end_of_record
TN:
SF:src/typings/modules.d.ts
FNF:0
FNH:0
LF:0
LH:0
BRF:0
BRH:0
end_of_record
